{"uid":"d3566e11af198953","name":"test_robot_turn_and_navigate_corner","fullName":"tests.test_real_actions#test_robot_turn_and_navigate_corner","historyId":"3a941dc879229add5d4006cdad627fab","time":{"start":1760331420933,"stop":1760331420935,"duration":2},"description":"Test robot turns and navigates a corner without hitting walls.","descriptionHtml":"<p>Test robot turns and navigates a corner without hitting walls.</p>\n","status":"failed","statusMessage":"AssertionError: Robot Y did not match for [0.5, 0.5, 0]\nassert 0.0 == 0.5 ± 5.0e-07\n  \n  comparison failed\n  Obtained: 0.0\n  Expected: 0.5 ± 5.0e-07","statusTrace":"tests\\test_real_actions.py:237: in test_robot_turn_and_navigate_corner\n    assert sim.get_position()[1] == pytest.approx(pos[1]), f\"Robot Y did not match for {pos}\"\nE   AssertionError: Robot Y did not match for [0.5, 0.5, 0]\nE   assert 0.0 == 0.5 ± 5.0e-07\nE     \nE     comparison failed\nE     Obtained: 0.0\nE     Expected: 0.5 ± 5.0e-07","flaky":false,"newFailed":false,"newBroken":false,"newPassed":false,"retriesCount":0,"retriesStatusChange":false,"beforeStages":[],"testStage":{"description":"Test robot turns and navigates a corner without hitting walls.","status":"failed","statusMessage":"AssertionError: Robot Y did not match for [0.5, 0.5, 0]\nassert 0.0 == 0.5 ± 5.0e-07\n  \n  comparison failed\n  Obtained: 0.0\n  Expected: 0.5 ± 5.0e-07","statusTrace":"tests\\test_real_actions.py:237: in test_robot_turn_and_navigate_corner\n    assert sim.get_position()[1] == pytest.approx(pos[1]), f\"Robot Y did not match for {pos}\"\nE   AssertionError: Robot Y did not match for [0.5, 0.5, 0]\nE   assert 0.0 == 0.5 ± 5.0e-07\nE     \nE     comparison failed\nE     Obtained: 0.0\nE     Expected: 0.5 ± 5.0e-07","steps":[],"attachments":[{"uid":"9eb47701cb5e8d5","name":"stdout","source":"9eb47701cb5e8d5.txt","type":"text/plain","size":391}],"parameters":[],"shouldDisplayMessage":true,"stepsCount":0,"attachmentsCount":1,"hasContent":true,"attachmentStep":false},"afterStages":[],"labels":[{"name":"tag","value":"actions"},{"name":"tag","value":"sim"},{"name":"parentSuite","value":"tests"},{"name":"suite","value":"test_real_actions"},{"name":"host","value":"runnervmd3hz3"},{"name":"thread","value":"6640-MainThread"},{"name":"framework","value":"pytest"},{"name":"language","value":"cpython3"},{"name":"package","value":"tests.test_real_actions"},{"name":"resultFormat","value":"allure2"}],"parameters":[],"links":[],"hidden":false,"retry":false,"extra":{"severity":"normal","retries":[],"categories":[{"name":"Product defects","matchedStatuses":[],"flaky":false}],"tags":["sim","actions"]},"source":"d3566e11af198953.json","parameterValues":[]}