{"uid":"46f753b8e21e51b1","name":"test_robot_walk_with_variable_speeds","fullName":"tests.test_real_actions#test_robot_walk_with_variable_speeds","historyId":"6467e15a36aa1708023425bcbb8756bb","time":{"start":1760331961654,"stop":1760331961654,"duration":0},"description":"Test that the robot can move to a target with variable speeds without falling.","descriptionHtml":"<p>Test that the robot can move to a target with variable speeds without falling.</p>\n","status":"failed","statusMessage":"AssertionError: Robot did not move correctly with variable speeds!\nassert 1.0 == 0.5 ± 5.0e-07\n  \n  comparison failed\n  Obtained: 1.0\n  Expected: 0.5 ± 5.0e-07","statusTrace":"tests/test_real_actions.py:180: in test_robot_walk_with_variable_speeds\n    assert sim.get_position()[0] == pytest.approx(target_x), \"Robot did not move correctly with variable speeds!\"\nE   AssertionError: Robot did not move correctly with variable speeds!\nE   assert 1.0 == 0.5 ± 5.0e-07\nE     \nE     comparison failed\nE     Obtained: 1.0\nE     Expected: 0.5 ± 5.0e-07","flaky":false,"newFailed":false,"newBroken":false,"newPassed":false,"retriesCount":0,"retriesStatusChange":false,"beforeStages":[],"testStage":{"description":"Test that the robot can move to a target with variable speeds without falling.","status":"failed","statusMessage":"AssertionError: Robot did not move correctly with variable speeds!\nassert 1.0 == 0.5 ± 5.0e-07\n  \n  comparison failed\n  Obtained: 1.0\n  Expected: 0.5 ± 5.0e-07","statusTrace":"tests/test_real_actions.py:180: in test_robot_walk_with_variable_speeds\n    assert sim.get_position()[0] == pytest.approx(target_x), \"Robot did not move correctly with variable speeds!\"\nE   AssertionError: Robot did not move correctly with variable speeds!\nE   assert 1.0 == 0.5 ± 5.0e-07\nE     \nE     comparison failed\nE     Obtained: 1.0\nE     Expected: 0.5 ± 5.0e-07","steps":[],"attachments":[{"uid":"50ff8320839cd543","name":"stdout","source":"50ff8320839cd543.txt","type":"text/plain","size":271}],"parameters":[],"shouldDisplayMessage":true,"stepsCount":0,"attachmentsCount":1,"hasContent":true,"attachmentStep":false},"afterStages":[],"labels":[{"name":"tag","value":"actions"},{"name":"tag","value":"sim"},{"name":"parentSuite","value":"tests"},{"name":"suite","value":"test_real_actions"},{"name":"host","value":"6fc74a5e196d"},{"name":"thread","value":"17-MainThread"},{"name":"framework","value":"pytest"},{"name":"language","value":"cpython3"},{"name":"package","value":"tests.test_real_actions"},{"name":"resultFormat","value":"allure2"}],"parameters":[],"links":[],"hidden":false,"retry":false,"extra":{"severity":"normal","retries":[],"categories":[{"name":"Product defects","matchedStatuses":[],"flaky":false}],"history":{"statistic":{"failed":2,"broken":0,"skipped":0,"passed":0,"unknown":0,"total":2},"items":[{"uid":"99f10fc9fa8f151d","reportUrl":"https://luckyjoy.github.io/robotics_tdd/latest/ubuntu-latest//#testresult/99f10fc9fa8f151d","status":"failed","statusDetails":"AssertionError: Robot did not move correctly with variable speeds!\nassert 1.0 == 0.5 ± 5.0e-07\n  \n  comparison failed\n  Obtained: 1.0\n  Expected: 0.5 ± 5.0e-07","time":{"start":1760331403086,"stop":1760331403086,"duration":0}}]},"tags":["sim","actions"]},"source":"46f753b8e21e51b1.json","parameterValues":[]}