{"uid":"216922d93eaada69","name":"test_robot_walk_with_variable_speeds","fullName":"tests.test_real_actions#test_robot_walk_with_variable_speeds","historyId":"6467e15a36aa1708023425bcbb8756bb","time":{"start":1760332021424,"stop":1760332021425,"duration":1},"description":"Test that the robot can move to a target with variable speeds without falling.","descriptionHtml":"<p>Test that the robot can move to a target with variable speeds without falling.</p>\n","status":"failed","statusMessage":"AssertionError: Robot did not move correctly with variable speeds!\nassert 1.0 == 0.5 ± 5.0e-07\n  \n  comparison failed\n  Obtained: 1.0\n  Expected: 0.5 ± 5.0e-07","statusTrace":"tests\\test_real_actions.py:180: in test_robot_walk_with_variable_speeds\n    assert sim.get_position()[0] == pytest.approx(target_x), \"Robot did not move correctly with variable speeds!\"\nE   AssertionError: Robot did not move correctly with variable speeds!\nE   assert 1.0 == 0.5 ± 5.0e-07\nE     \nE     comparison failed\nE     Obtained: 1.0\nE     Expected: 0.5 ± 5.0e-07","flaky":false,"newFailed":false,"newBroken":false,"newPassed":false,"retriesCount":0,"retriesStatusChange":false,"beforeStages":[],"testStage":{"description":"Test that the robot can move to a target with variable speeds without falling.","status":"failed","statusMessage":"AssertionError: Robot did not move correctly with variable speeds!\nassert 1.0 == 0.5 ± 5.0e-07\n  \n  comparison failed\n  Obtained: 1.0\n  Expected: 0.5 ± 5.0e-07","statusTrace":"tests\\test_real_actions.py:180: in test_robot_walk_with_variable_speeds\n    assert sim.get_position()[0] == pytest.approx(target_x), \"Robot did not move correctly with variable speeds!\"\nE   AssertionError: Robot did not move correctly with variable speeds!\nE   assert 1.0 == 0.5 ± 5.0e-07\nE     \nE     comparison failed\nE     Obtained: 1.0\nE     Expected: 0.5 ± 5.0e-07","steps":[],"attachments":[{"uid":"90c16209dfb8873e","name":"stdout","source":"90c16209dfb8873e.txt","type":"text/plain","size":271}],"parameters":[],"shouldDisplayMessage":true,"stepsCount":0,"attachmentsCount":1,"hasContent":true,"attachmentStep":false},"afterStages":[],"labels":[{"name":"tag","value":"actions"},{"name":"tag","value":"sim"},{"name":"parentSuite","value":"tests"},{"name":"suite","value":"test_real_actions"},{"name":"host","value":"runnervmd3hz3"},{"name":"thread","value":"6488-MainThread"},{"name":"framework","value":"pytest"},{"name":"language","value":"cpython3"},{"name":"package","value":"tests.test_real_actions"},{"name":"resultFormat","value":"allure2"}],"parameters":[],"links":[],"hidden":false,"retry":false,"extra":{"severity":"normal","retries":[],"categories":[{"name":"Product defects","matchedStatuses":[],"flaky":false}],"history":{"statistic":{"failed":2,"broken":0,"skipped":0,"passed":0,"unknown":0,"total":2},"items":[{"uid":"80c96e49447864b9","reportUrl":"https://luckyjoy.github.io/robotics_tdd/latest/windows-latest//#testresult/80c96e49447864b9","status":"failed","statusDetails":"AssertionError: Robot did not move correctly with variable speeds!\nassert 1.0 == 0.5 ± 5.0e-07\n  \n  comparison failed\n  Obtained: 1.0\n  Expected: 0.5 ± 5.0e-07","time":{"start":1760331420842,"stop":1760331420842,"duration":0}}]},"tags":["sim","actions"]},"source":"216922d93eaada69.json","parameterValues":[]}